Using pre-set license
Built from '2020.3/release' branch; Version is '2020.3.2f1 (8fd9074bf66c) revision 9427207'; Using compiler version '192528614'; Build Type 'Release'
OS: 'Windows 10 Home; OS build 19042.985; Version 2009; 64bit' Language: 'en' Physical Memory: 7959 MB
BatchMode: 1, IsHumanControllingUs: 0, StartBugReporterOnCrash: 0, Is64bit: 1, IsPro: 0

 COMMAND LINE ARGUMENTS:
D:\Unity Projects\2020.3.2f1\Editor\Unity.exe
-adb2
-batchMode
-noUpm
-name
AssetImportWorker11
-projectPath
D:/Old Documents/Unity Games/DaniJam
-logFile
Logs/AssetImportWorker11.log
-srvPort
51140
Successfully changed project path to: D:/Old Documents/Unity Games/DaniJam
D:/Old Documents/Unity Games/DaniJam
Using Asset Import Pipeline V2.
Refreshing native plugins compatible for Editor in 44.77 ms, found 1 plugins.
Preloading 0 native plugins for Editor in 0.00 ms.
Initialize engine version: 2020.3.2f1 (8fd9074bf66c)
[Subsystems] Discovering subsystems at path D:/Unity Projects/2020.3.2f1/Editor/Data/Resources/UnitySubsystems
[Subsystems] Discovering subsystems at path D:/Old Documents/Unity Games/DaniJam/Assets
GfxDevice: creating device client; threaded=0
Direct3D:
    Version:  Direct3D 11.0 [level 11.1]
    Renderer: Intel(R) UHD Graphics (ID=0x8a56)
    Vendor:   
    VRAM:     3979 MB
    Driver:   26.20.100.7870
Initialize mono
Mono path[0] = 'D:/Unity Projects/2020.3.2f1/Editor/Data/Managed'
Mono path[1] = 'D:/Unity Projects/2020.3.2f1/Editor/Data/MonoBleedingEdge/lib/mono/unityjit'
Mono config path = 'D:/Unity Projects/2020.3.2f1/Editor/Data/MonoBleedingEdge/etc'
Using monoOptions --debugger-agent=transport=dt_socket,embedding=1,server=y,suspend=n,address=127.0.0.1:56636
Begin MonoManager ReloadAssembly
Registering precompiled unity dll's ...
Register platform support module: D:/Unity Projects/2020.3.2f1/Editor/Data/PlaybackEngines/WebGLSupport/UnityEditor.WebGL.Extensions.dll
Register platform support module: D:/Unity Projects/2020.3.2f1/Editor/Data/PlaybackEngines/WindowsStandaloneSupport/UnityEditor.WindowsStandalone.Extensions.dll
Registered in 0.004751 seconds.
Native extension for WindowsStandalone target not found
Native extension for WebGL target not found
Refreshing native plugins compatible for Editor in 47.28 ms, found 1 plugins.
Preloading 0 native plugins for Editor in 0.00 ms.
Invoked RoslynAnalysisRunner static constructor.
RoslynAnalysisRunner will not be running.
RoslynAnalysisRunner has terminated.
Mono: successfully reloaded assembly
- Completed reload, in  7.233 seconds
Platform modules already initialized, skipping
Registering precompiled user dll's ...
Registered in 0.002072 seconds.
Begin MonoManager ReloadAssembly
Native extension for WindowsStandalone target not found
Native extension for WebGL target not found
Refreshing native plugins compatible for Editor in 49.58 ms, found 1 plugins.
Preloading 0 native plugins for Editor in 0.00 ms.
Invoked RoslynAnalysisRunner static constructor.
RoslynAnalysisRunner will not be running.
RoslynAnalysisRunner has terminated.
Mono: successfully reloaded assembly
- Completed reload, in  3.947 seconds
Platform modules already initialized, skipping
========================================================================
Worker process is ready to serve import requests
Launched and connected shader compiler UnityShaderCompiler.exe after 0.14 seconds
Refreshing native plugins compatible for Editor in 0.38 ms, found 1 plugins.
Preloading 0 native plugins for Editor in 0.00 ms.
Unloading 2022 Unused Serialized files (Serialized files now loaded: 0)
System memory in use before: 96.4 MB.
System memory in use after: 96.5 MB.

Unloading 20 unused Assets to reduce memory usage. Loaded Objects now: 2480.
Total: 2.232600 ms (FindLiveObjects: 0.404100 ms CreateObjectMapping: 0.069200 ms MarkObjects: 1.676900 ms  DeleteObjects: 0.081000 ms)

========================================================================
Received Import Request.
  path: Assets/Prefabs/BombForce.prefab
  artifactKey: Guid(aaa3119258baa1c44a2ef9f2d69389c1) Importer(815301076,1909f56bfc062723c751e8b465ee728b)
Start importing Assets/Prefabs/BombForce.prefab using Guid(aaa3119258baa1c44a2ef9f2d69389c1) Importer(815301076,1909f56bfc062723c751e8b465ee728b)  -> (artifact id: '1848d11daacb2da0b8ddd3dbe9ecef4b') in 0.174076 seconds
  Import took 0.177663 seconds .

========================================================================
Received Import Request.
  Time since last request: 0.000363 seconds.
  path: Assets/Prefabs/TargetPickup.prefab
  artifactKey: Guid(bd34cf1b526efb34aa143d76fd85c681) Importer(815301076,1909f56bfc062723c751e8b465ee728b)
Start importing Assets/Prefabs/TargetPickup.prefab using Guid(bd34cf1b526efb34aa143d76fd85c681) Importer(815301076,1909f56bfc062723c751e8b465ee728b)  -> (artifact id: 'ce19f790ec4e7641903e11575c912b0d') in 0.013675 seconds
  Import took 0.017184 seconds .

========================================================================
Received Import Request.
  Time since last request: 0.000316 seconds.
  path: Assets/Prefabs/Bomb.prefab
  artifactKey: Guid(a41e00bfe8a4eca49acc22c18c30a21a) Importer(815301076,1909f56bfc062723c751e8b465ee728b)
Start importing Assets/Prefabs/Bomb.prefab using Guid(a41e00bfe8a4eca49acc22c18c30a21a) Importer(815301076,1909f56bfc062723c751e8b465ee728b)  -> (artifact id: '70e4b9b133d8c5472e60412ab0364876') in 0.274821 seconds
  Import took 0.279701 seconds .

========================================================================
Received Import Request.
  Time since last request: 0.000340 seconds.
  path: Assets/Prefabs/Flying Enemy.prefab
  artifactKey: Guid(78ee48665e14eaf418ea98ddf62c3e48) Importer(815301076,1909f56bfc062723c751e8b465ee728b)
Start importing Assets/Prefabs/Flying Enemy.prefab using Guid(78ee48665e14eaf418ea98ddf62c3e48) Importer(815301076,1909f56bfc062723c751e8b465ee728b)  -> (artifact id: 'f33f762058ef11f69237ab5b7e35b809') in 0.395070 seconds
  Import took 0.410919 seconds .

========================================================================
Received Import Request.
  Time since last request: 0.000426 seconds.
  path: Assets/Prefabs/BulletSound.prefab
  artifactKey: Guid(26d2ff96820399d4a8cef3fe66e77987) Importer(815301076,1909f56bfc062723c751e8b465ee728b)
Start importing Assets/Prefabs/BulletSound.prefab using Guid(26d2ff96820399d4a8cef3fe66e77987) Importer(815301076,1909f56bfc062723c751e8b465ee728b)  -> (artifact id: '1e3712f52e4179f5bf3defce639f104c') in 0.011674 seconds
  Import took 0.014952 seconds .

========================================================================
Received Import Request.
  Time since last request: 0.000263 seconds.
  path: Assets/Prefabs/SlimeJump.prefab
  artifactKey: Guid(2b736dc60d714ad44b36ff28fec7cfbf) Importer(815301076,1909f56bfc062723c751e8b465ee728b)
Start importing Assets/Prefabs/SlimeJump.prefab using Guid(2b736dc60d714ad44b36ff28fec7cfbf) Importer(815301076,1909f56bfc062723c751e8b465ee728b)  -> (artifact id: 'b3eb9917770f39d68c88744a56017260') in 0.010426 seconds
  Import took 0.013543 seconds .

========================================================================
Received Import Request.
  Time since last request: 0.000267 seconds.
  path: Assets/Prefabs/ScoreChanger.prefab
  artifactKey: Guid(bf373be34a7a64a468e590fb691d67db) Importer(815301076,1909f56bfc062723c751e8b465ee728b)
Start importing Assets/Prefabs/ScoreChanger.prefab using Guid(bf373be34a7a64a468e590fb691d67db) Importer(815301076,1909f56bfc062723c751e8b465ee728b)  -> (artifact id: '1a0eb776bca8f2b6f3e7062aefec5393') in 0.009880 seconds
  Import took 0.013035 seconds .

========================================================================
Received Import Request.
  Time since last request: 0.000293 seconds.
  path: Assets/Prefabs/Walking Enemy.prefab
  artifactKey: Guid(a25170654afab8447843f7a3d9ffd5f8) Importer(815301076,1909f56bfc062723c751e8b465ee728b)
Start importing Assets/Prefabs/Walking Enemy.prefab using Guid(a25170654afab8447843f7a3d9ffd5f8) Importer(815301076,1909f56bfc062723c751e8b465ee728b)  -> (artifact id: '57d43bad2e849ac1648728de76cf4fa5') in 0.071659 seconds
  Import took 0.077361 seconds .

========================================================================
Received Import Request.
  Time since last request: 0.000914 seconds.
  path: Assets/Prefabs/PlayerDeathEffect.prefab
  artifactKey: Guid(d04a66b17f1ea5a46b6798949157b7b4) Importer(815301076,1909f56bfc062723c751e8b465ee728b)
Start importing Assets/Prefabs/PlayerDeathEffect.prefab using Guid(d04a66b17f1ea5a46b6798949157b7b4) Importer(815301076,1909f56bfc062723c751e8b465ee728b)  -> (artifact id: 'bea4d53fb32d2e88fce35bff1c8ebc4f') in 0.017402 seconds
  Import took 0.024088 seconds .

========================================================================
Received Import Request.
  Time since last request: 0.000226 seconds.
  path: Assets/Prefabs/ChangeFormSound.prefab
  artifactKey: Guid(af25a229609ca834488a7c7d6d5339dc) Importer(815301076,1909f56bfc062723c751e8b465ee728b)
Start importing Assets/Prefabs/ChangeFormSound.prefab using Guid(af25a229609ca834488a7c7d6d5339dc) Importer(815301076,1909f56bfc062723c751e8b465ee728b)  -> (artifact id: 'a911d895202fdbf8287a3dfeecbcfe88') in 0.017796 seconds
  Import took 0.022838 seconds .

========================================================================
Received Import Request.
  Time since last request: 0.000242 seconds.
  path: Assets/Prefabs/SceneManager.prefab
  artifactKey: Guid(db59ae51bd719334890c472320a8e2c9) Importer(815301076,1909f56bfc062723c751e8b465ee728b)
Start importing Assets/Prefabs/SceneManager.prefab using Guid(db59ae51bd719334890c472320a8e2c9) Importer(815301076,1909f56bfc062723c751e8b465ee728b)  -> (artifact id: 'd670d5bd91e3bcaaf5d9257a1cdf370a') in 0.024778 seconds
  Import took 0.053926 seconds .

========================================================================
Received Import Request.
  Time since last request: 0.000229 seconds.
  path: Assets/Prefabs/BombPickupEffect.prefab
  artifactKey: Guid(6a78bd7fdb9460d46b70a305f57e2790) Importer(815301076,1909f56bfc062723c751e8b465ee728b)
Start importing Assets/Prefabs/BombPickupEffect.prefab using Guid(6a78bd7fdb9460d46b70a305f57e2790) Importer(815301076,1909f56bfc062723c751e8b465ee728b)  -> (artifact id: '6a40f05d13f9df93009fc20e9690df48') in 0.010256 seconds
  Import took 0.013428 seconds .

========================================================================
Received Import Request.
  Time since last request: 0.000400 seconds.
  path: Assets/Prefabs/Spawner.prefab
  artifactKey: Guid(468348445dd24da42be8106385d36998) Importer(815301076,1909f56bfc062723c751e8b465ee728b)
Start importing Assets/Prefabs/Spawner.prefab using Guid(468348445dd24da42be8106385d36998) Importer(815301076,1909f56bfc062723c751e8b465ee728b)  -> (artifact id: '40e8b9c39d0d617bf6ca90bddfed1087') in 0.118920 seconds
  Import took 0.122455 seconds .

========================================================================
Received Import Request.
  Time since last request: 0.000285 seconds.
  path: Assets/Prefabs/Music.prefab
  artifactKey: Guid(55e8de02d8d303e44973c24c0d4f204c) Importer(815301076,1909f56bfc062723c751e8b465ee728b)
Start importing Assets/Prefabs/Music.prefab using Guid(55e8de02d8d303e44973c24c0d4f204c) Importer(815301076,1909f56bfc062723c751e8b465ee728b)  -> (artifact id: 'b9d71b5f64e426f3d45012ca2b0fa8b1') in 0.009555 seconds
  Import took 0.013187 seconds .

========================================================================
Received Import Request.
  Time since last request: 0.000189 seconds.
  path: Assets/Prefabs/Slime.prefab
  artifactKey: Guid(3ebdab12c47266643b3d5eb8beaae139) Importer(815301076,1909f56bfc062723c751e8b465ee728b)
Start importing Assets/Prefabs/Slime.prefab using Guid(3ebdab12c47266643b3d5eb8beaae139) Importer(815301076,1909f56bfc062723c751e8b465ee728b)  -> (artifact id: 'e3928b7df9d9a39b6d425fea95652a1f') in 0.052827 seconds
  Import took 0.081624 seconds .

========================================================================
Received Import Request.
  Time since last request: 0.000249 seconds.
  path: Assets/Prefabs/Target.prefab
  artifactKey: Guid(fa27df87084885341a8006112f6dacf0) Importer(815301076,1909f56bfc062723c751e8b465ee728b)
Start importing Assets/Prefabs/Target.prefab using Guid(fa27df87084885341a8006112f6dacf0) Importer(815301076,1909f56bfc062723c751e8b465ee728b)  -> (artifact id: '2dacc65fbaa9c917601af96dd363dccc') in 0.015985 seconds
  Import took 0.020419 seconds .

========================================================================
Received Import Request.
  Time since last request: 0.000298 seconds.
  path: Assets/Prefabs/Slimeball.prefab
  artifactKey: Guid(08aa282e84d7e3944979b50b427b9d28) Importer(815301076,1909f56bfc062723c751e8b465ee728b)
Start importing Assets/Prefabs/Slimeball.prefab using Guid(08aa282e84d7e3944979b50b427b9d28) Importer(815301076,1909f56bfc062723c751e8b465ee728b)  -> (artifact id: 'd9eeba0251ee65569e189a1598a5fd4f') in 0.126822 seconds
  Import took 0.132087 seconds .

========================================================================
Received Import Request.
  Time since last request: 0.000226 seconds.
  path: Assets/Prefabs/Bullet.prefab
  artifactKey: Guid(3290ef9837f932244bf782fb6d300dc5) Importer(815301076,1909f56bfc062723c751e8b465ee728b)
Start importing Assets/Prefabs/Bullet.prefab using Guid(3290ef9837f932244bf782fb6d300dc5) Importer(815301076,1909f56bfc062723c751e8b465ee728b)  -> (artifact id: '0664eb155338111458721e10287feb30') in 0.031710 seconds
  Import took 0.036550 seconds .

========================================================================
Received Prepare
Registering precompiled user dll's ...
Registered in 0.002864 seconds.
Begin MonoManager ReloadAssembly
Native extension for WindowsStandalone target not found
Native extension for WebGL target not found
Refreshing native plugins compatible for Editor in 0.48 ms, found 1 plugins.
Preloading 0 native plugins for Editor in 0.00 ms.
Invoked RoslynAnalysisRunner static constructor.
RoslynAnalysisRunner will not be running.
RoslynAnalysisRunner has terminated.
Mono: successfully reloaded assembly
- Completed reload, in  7.899 seconds
Platform modules already initialized, skipping
Refreshing native plugins compatible for Editor in 0.41 ms, found 1 plugins.
Preloading 0 native plugins for Editor in 0.00 ms.
Unloading 1997 Unused Serialized files (Serialized files now loaded: 0)
System memory in use before: 97.5 MB.
System memory in use after: 97.6 MB.

Unloading 9 unused Assets to reduce memory usage. Loaded Objects now: 2490.
Total: 3.106200 ms (FindLiveObjects: 0.169900 ms CreateObjectMapping: 0.062700 ms MarkObjects: 2.850800 ms  DeleteObjects: 0.021100 ms)

========================================================================
Received Import Request.
  Time since last request: 749.947588 seconds.
  path: Assets/Scripts/PlayerHealth.cs
  artifactKey: Guid(e155aabf67fe19340af63eed8422fbb2) Importer(815301076,1909f56bfc062723c751e8b465ee728b)
Start importing Assets/Scripts/PlayerHealth.cs using Guid(e155aabf67fe19340af63eed8422fbb2) Importer(815301076,1909f56bfc062723c751e8b465ee728b)  -> (artifact id: 'c79d58e9b50fb9f326e64aa4cc087d41') in 0.108447 seconds
  Import took 0.152198 seconds .

========================================================================
Received Import Request.
  Time since last request: 39.833571 seconds.
  path: Assets/Scripts/PlayerMovement.cs
  artifactKey: Guid(e90f0d9e924929045933d378036946c4) Importer(815301076,1909f56bfc062723c751e8b465ee728b)
Start importing Assets/Scripts/PlayerMovement.cs using Guid(e90f0d9e924929045933d378036946c4) Importer(815301076,1909f56bfc062723c751e8b465ee728b)  -> (artifact id: '6fb80e488c78ca20afcd8fc97a4555f8') in 0.037256 seconds
  Import took 0.084311 seconds .

